<?xml version="1.0" encoding="UTF-8"?>
<coverage generated="1634397508202" clover="3.2.0">
  <project timestamp="1634397508202" name="All files">
    <metrics statements="48" coveredstatements="42" conditionals="7" coveredconditionals="5" methods="10" coveredmethods="6" elements="65" coveredelements="53" complexity="0" loc="48" ncloc="48" packages="1" files="4" classes="4"/>
    <file name="constants.ts" path="/Users/barazoulay/workspace/git_repos/uuid-cron/src/constants.ts">
      <metrics statements="2" coveredstatements="2" conditionals="0" coveredconditionals="0" methods="0" coveredmethods="0"/>
      <line num="1" count="1" type="stmt"/>
      <line num="2" count="1" type="stmt"/>
    </file>
    <file name="cronLogic.ts" path="/Users/barazoulay/workspace/git_repos/uuid-cron/src/cronLogic.ts">
      <metrics statements="7" coveredstatements="7" conditionals="0" coveredconditionals="0" methods="2" coveredmethods="2"/>
      <line num="1" count="1" type="stmt"/>
      <line num="5" count="1" type="stmt"/>
      <line num="6" count="1" type="stmt"/>
      <line num="7" count="1" type="stmt"/>
      <line num="9" count="1" type="stmt"/>
      <line num="12" count="1" type="stmt"/>
      <line num="13" count="1" type="stmt"/>
    </file>
    <file name="errorHandler.ts" path="/Users/barazoulay/workspace/git_repos/uuid-cron/src/errorHandler.ts">
      <metrics statements="3" coveredstatements="2" conditionals="0" coveredconditionals="0" methods="1" coveredmethods="0"/>
      <line num="1" count="1" type="stmt"/>
      <line num="3" count="1" type="stmt"/>
      <line num="4" count="0" type="stmt"/>
    </file>
    <file name="index.ts" path="/Users/barazoulay/workspace/git_repos/uuid-cron/src/index.ts">
      <metrics statements="36" coveredstatements="31" conditionals="7" coveredconditionals="5" methods="7" coveredmethods="4"/>
      <line num="1" count="1" type="stmt"/>
      <line num="2" count="1" type="stmt"/>
      <line num="3" count="1" type="stmt"/>
      <line num="4" count="1" type="stmt"/>
      <line num="5" count="1" type="stmt"/>
      <line num="6" count="1" type="stmt"/>
      <line num="9" count="1" type="stmt"/>
      <line num="10" count="1" type="stmt"/>
      <line num="11" count="1" type="stmt"/>
      <line num="13" count="1" type="stmt"/>
      <line num="14" count="1" type="stmt"/>
      <line num="23" count="1" type="cond" truecount="1" falsecount="0"/>
      <line num="24" count="2" type="stmt"/>
      <line num="25" count="2" type="stmt"/>
      <line num="26" count="2" type="cond" truecount="2" falsecount="0"/>
      <line num="27" count="1" type="stmt"/>
      <line num="28" count="1" type="stmt"/>
      <line num="29" count="0" type="stmt"/>
      <line num="32" count="1" type="stmt"/>
      <line num="33" count="1" type="stmt"/>
      <line num="34" count="1" type="stmt"/>
      <line num="35" count="1" type="stmt"/>
      <line num="36" count="0" type="stmt"/>
      <line num="39" count="2" type="stmt"/>
      <line num="42" count="1" type="stmt"/>
      <line num="43" count="31" type="cond" truecount="1" falsecount="1"/>
      <line num="44" count="0" type="stmt"/>
      <line num="46" count="31" type="stmt"/>
      <line num="49" count="1" type="stmt"/>
      <line num="50" count="31" type="cond" truecount="1" falsecount="1"/>
      <line num="51" count="0" type="stmt"/>
      <line num="53" count="31" type="stmt"/>
      <line num="56" count="1" type="stmt"/>
      <line num="57" count="2" type="stmt"/>
      <line num="60" count="1" type="stmt"/>
      <line num="61" count="0" type="stmt"/>
    </file>
  </project>
</coverage>
