{"/Users/barazoulay/workspace/git_repos/uuid-cron/src/constants.ts": {"path":"/Users/barazoulay/workspace/git_repos/uuid-cron/src/constants.ts","statementMap":{"0":{"start":{"line":1,"column":13},"end":{"line":1,"column":34}},"1":{"start":{"line":2,"column":13},"end":{"line":2,"column":81}}},"fnMap":{},"branchMap":{},"s":{"0":1,"1":1},"f":{},"b":{}}
,"/Users/barazoulay/workspace/git_repos/uuid-cron/src/cronLogic.ts": {"path":"/Users/barazoulay/workspace/git_repos/uuid-cron/src/cronLogic.ts","statementMap":{"0":{"start":{"line":1,"column":0},"end":{"line":1,"column":36}},"1":{"start":{"line":5,"column":18},"end":{"line":5,"column":20}},"2":{"start":{"line":6,"column":2},"end":{"line":8,"column":null}},"3":{"start":{"line":6,"column":15},"end":{"line":6,"column":16}},"4":{"start":{"line":7,"column":4},"end":{"line":7,"column":27}},"5":{"start":{"line":9,"column":2},"end":{"line":9,"column":17}},"6":{"start":{"line":13,"column":2},"end":{"line":13,"column":44}},"7":{"start":{"line":12,"column":0},"end":{"line":12,"column":16}}},"fnMap":{"0":{"name":"getRandomUsers","decl":{"start":{"line":4,"column":9},"end":{"line":4,"column":23}},"loc":{"start":{"line":4,"column":62},"end":{"line":10,"column":1}}},"1":{"name":"computeJobWithLimitedRandoms","decl":{"start":{"line":12,"column":16},"end":{"line":12,"column":44}},"loc":{"start":{"line":12,"column":101},"end":{"line":14,"column":1}}}},"branchMap":{},"s":{"0":1,"1":1,"2":1,"3":1,"4":1,"5":1,"6":1,"7":1},"f":{"0":1,"1":1},"b":{}}
,"/Users/barazoulay/workspace/git_repos/uuid-cron/src/errorHandler.ts": {"path":"/Users/barazoulay/workspace/git_repos/uuid-cron/src/errorHandler.ts","statementMap":{"0":{"start":{"line":1,"column":0},"end":{"line":1,"column":46}},"1":{"start":{"line":4,"column":2},"end":{"line":4,"column":36}},"2":{"start":{"line":3,"column":0},"end":{"line":3,"column":16}}},"fnMap":{"0":{"name":"initError","decl":{"start":{"line":3,"column":16},"end":{"line":3,"column":25}},"loc":{"start":{"line":3,"column":25},"end":{"line":5,"column":1}}}},"branchMap":{},"s":{"0":1,"1":0,"2":1},"f":{"0":0},"b":{}}
,"/Users/barazoulay/workspace/git_repos/uuid-cron/src/index.ts": {"path":"/Users/barazoulay/workspace/git_repos/uuid-cron/src/index.ts","statementMap":{"0":{"start":{"line":1,"column":0},"end":{"line":1,"column":36}},"1":{"start":{"line":2,"column":0},"end":{"line":2,"column":31}},"2":{"start":{"line":3,"column":0},"end":{"line":3,"column":40}},"3":{"start":{"line":4,"column":0},"end":{"line":4,"column":43}},"4":{"start":{"line":5,"column":0},"end":{"line":5,"column":64}},"5":{"start":{"line":6,"column":0},"end":{"line":6,"column":59}},"6":{"start":{"line":9,"column":18},"end":{"line":9,"column":44}},"7":{"start":{"line":10,"column":28},"end":{"line":10,"column":30}},"8":{"start":{"line":11,"column":26},"end":{"line":11,"column":42}},"9":{"start":{"line":13,"column":18},"end":{"line":13,"column":23}},"10":{"start":{"line":14,"column":25},"end":{"line":14,"column":30}},"11":{"start":{"line":24,"column":19},"end":{"line":24,"column":41}},"12":{"start":{"line":25,"column":2},"end":{"line":25,"column":25}},"13":{"start":{"line":26,"column":2},"end":{"line":38,"column":null}},"14":{"start":{"line":27,"column":4},"end":{"line":27,"column":23}},"15":{"start":{"line":28,"column":4},"end":{"line":30,"column":42}},"16":{"start":{"line":29,"column":6},"end":{"line":29,"column":29}},"17":{"start":{"line":32,"column":4},"end":{"line":32,"column":29}},"18":{"start":{"line":33,"column":4},"end":{"line":33,"column":45}},"19":{"start":{"line":34,"column":4},"end":{"line":34,"column":77}},"20":{"start":{"line":35,"column":4},"end":{"line":37,"column":42}},"21":{"start":{"line":36,"column":6},"end":{"line":36,"column":79}},"22":{"start":{"line":39,"column":2},"end":{"line":39,"column":14}},"23":{"start":{"line":23,"column":0},"end":{"line":23,"column":16}},"24":{"start":{"line":43,"column":2},"end":{"line":45,"column":null}},"25":{"start":{"line":44,"column":4},"end":{"line":44,"column":23}},"26":{"start":{"line":46,"column":2},"end":{"line":46,"column":21}},"27":{"start":{"line":42,"column":0},"end":{"line":42,"column":16}},"28":{"start":{"line":50,"column":2},"end":{"line":52,"column":null}},"29":{"start":{"line":51,"column":4},"end":{"line":51,"column":23}},"30":{"start":{"line":53,"column":2},"end":{"line":53,"column":70}},"31":{"start":{"line":49,"column":0},"end":{"line":49,"column":16}},"32":{"start":{"line":57,"column":2},"end":{"line":57,"column":13}},"33":{"start":{"line":56,"column":0},"end":{"line":56,"column":16}},"34":{"start":{"line":61,"column":2},"end":{"line":61,"column":18}},"35":{"start":{"line":60,"column":0},"end":{"line":60,"column":16}}},"fnMap":{"0":{"name":"init","decl":{"start":{"line":23,"column":16},"end":{"line":23,"column":20}},"loc":{"start":{"line":23,"column":100},"end":{"line":40,"column":1}}},"1":{"name":"(anonymous_1)","decl":{"start":{"line":28,"column":32},"end":{"line":28,"column":35}},"loc":{"start":{"line":28,"column":37},"end":{"line":30,"column":5}}},"2":{"name":"(anonymous_2)","decl":{"start":{"line":35,"column":32},"end":{"line":35,"column":35}},"loc":{"start":{"line":35,"column":37},"end":{"line":37,"column":5}}},"3":{"name":"uuidv4Cron","decl":{"start":{"line":42,"column":16},"end":{"line":42,"column":26}},"loc":{"start":{"line":42,"column":26},"end":{"line":47,"column":1}}},"4":{"name":"uuidv4CronLimited","decl":{"start":{"line":49,"column":16},"end":{"line":49,"column":33}},"loc":{"start":{"line":49,"column":33},"end":{"line":54,"column":1}}},"5":{"name":"stop","decl":{"start":{"line":56,"column":16},"end":{"line":56,"column":20}},"loc":{"start":{"line":56,"column":20},"end":{"line":58,"column":1}}},"6":{"name":"uuidv4Random","decl":{"start":{"line":60,"column":16},"end":{"line":60,"column":28}},"loc":{"start":{"line":60,"column":28},"end":{"line":62,"column":1}}}},"branchMap":{"0":{"loc":{"start":{"line":23,"column":40},"end":{"line":23,"column":100}},"type":"default-arg","locations":[{"start":{"line":23,"column":81},"end":{"line":23,"column":100}}]},"1":{"loc":{"start":{"line":26,"column":2},"end":{"line":38,"column":null}},"type":"if","locations":[{"start":{"line":26,"column":2},"end":{"line":38,"column":null}},{"start":{"line":26,"column":2},"end":{"line":38,"column":null}}]},"2":{"loc":{"start":{"line":43,"column":2},"end":{"line":45,"column":null}},"type":"if","locations":[{"start":{"line":43,"column":2},"end":{"line":45,"column":null}},{"start":{"line":43,"column":2},"end":{"line":45,"column":null}}]},"3":{"loc":{"start":{"line":50,"column":2},"end":{"line":52,"column":null}},"type":"if","locations":[{"start":{"line":50,"column":2},"end":{"line":52,"column":null}},{"start":{"line":50,"column":2},"end":{"line":52,"column":null}}]}},"s":{"0":1,"1":1,"2":1,"3":1,"4":1,"5":1,"6":1,"7":1,"8":1,"9":1,"10":1,"11":2,"12":2,"13":2,"14":1,"15":1,"16":0,"17":1,"18":1,"19":1,"20":1,"21":0,"22":2,"23":1,"24":31,"25":0,"26":31,"27":1,"28":31,"29":0,"30":31,"31":1,"32":2,"33":1,"34":0,"35":1},"f":{"0":2,"1":0,"2":0,"3":31,"4":31,"5":2,"6":0},"b":{"0":[1],"1":[1,1],"2":[0,31],"3":[0,31]}}
}
