TN:
SF:src/constants.ts
FNF:0
FNH:0
DA:1,1
DA:2,1
LF:2
LH:2
BRF:0
BRH:0
end_of_record
TN:
SF:src/cronLogic.ts
FN:4,getRandomUsers
FN:12,computeJobWithLimitedRandoms
FNF:2
FNH:2
FNDA:1,getRandomUsers
FNDA:1,computeJobWithLimitedRandoms
DA:1,1
DA:5,1
DA:6,1
DA:7,1
DA:9,1
DA:12,1
DA:13,1
LF:7
LH:7
BRF:0
BRH:0
end_of_record
TN:
SF:src/errorHandler.ts
FN:3,initError
FNF:1
FNH:0
FNDA:0,initError
DA:1,1
DA:3,1
DA:4,0
LF:3
LH:2
BRF:0
BRH:0
end_of_record
TN:
SF:src/index.ts
FN:23,init
FN:28,(anonymous_1)
FN:35,(anonymous_2)
FN:42,uuidv4Cron
FN:49,uuidv4CronLimited
FN:56,stop
FN:60,uuidv4Random
FNF:7
FNH:4
FNDA:2,init
FNDA:0,(anonymous_1)
FNDA:0,(anonymous_2)
FNDA:31,uuidv4Cron
FNDA:31,uuidv4CronLimited
FNDA:2,stop
FNDA:0,uuidv4Random
DA:1,1
DA:2,1
DA:3,1
DA:4,1
DA:5,1
DA:6,1
DA:9,1
DA:10,1
DA:11,1
DA:13,1
DA:14,1
DA:23,1
DA:24,2
DA:25,2
DA:26,2
DA:27,1
DA:28,1
DA:29,0
DA:32,1
DA:33,1
DA:34,1
DA:35,1
DA:36,0
DA:39,2
DA:42,1
DA:43,31
DA:44,0
DA:46,31
DA:49,1
DA:50,31
DA:51,0
DA:53,31
DA:56,1
DA:57,2
DA:60,1
DA:61,0
LF:36
LH:31
BRDA:23,0,0,1
BRDA:26,1,0,1
BRDA:26,1,1,1
BRDA:43,2,0,0
BRDA:43,2,1,31
BRDA:50,3,0,0
BRDA:50,3,1,31
BRF:7
BRH:5
end_of_record
